{"/Users/sumanmanna/Documents/2fa-exp-todo/src/app.controller.ts": {"path":"/Users/sumanmanna/Documents/2fa-exp-todo/src/app.controller.ts","statementMap":{"0":{"start":{"line":1,"column":0},"end":{"line":1,"column":49}},"1":{"start":{"line":2,"column":0},"end":{"line":2,"column":43}},"2":{"start":{"line":3,"column":0},"end":{"line":3,"column":71}},"3":{"start":{"line":7,"column":0},"end":{"line":16,"column":null}},"4":{"start":{"line":8,"column":31},"end":{"line":8,"column":43}},"5":{"start":{"line":14,"column":4},"end":{"line":14,"column":34}},"6":{"start":{"line":13,"column":2},"end":{"line":15,"column":null}},"7":{"start":{"line":7,"column":13},"end":{"line":16,"column":null}},"8":{"start":{"line":7,"column":13},"end":{"line":7,"column":26}}},"fnMap":{"0":{"name":"(anonymous_2)","decl":{"start":{"line":8,"column":2},"end":{"line":8,"column":31}},"loc":{"start":{"line":8,"column":53},"end":{"line":8,"column":57}}},"1":{"name":"(anonymous_3)","decl":{"start":{"line":13,"column":2},"end":{"line":13,"column":6}},"loc":{"start":{"line":13,"column":6},"end":{"line":15,"column":3}}}},"branchMap":{},"s":{"0":0,"1":0,"2":0,"3":0,"4":0,"5":0,"6":0,"7":0,"8":0},"f":{"0":0,"1":0},"b":{}}
,"/Users/sumanmanna/Documents/2fa-exp-todo/src/app.module.ts": {"path":"/Users/sumanmanna/Documents/2fa-exp-todo/src/app.module.ts","statementMap":{"0":{"start":{"line":1,"column":0},"end":{"line":1,"column":40}},"1":{"start":{"line":2,"column":0},"end":{"line":2,"column":49}},"2":{"start":{"line":3,"column":0},"end":{"line":3,"column":43}},"3":{"start":{"line":4,"column":0},"end":{"line":4,"column":48}},"4":{"start":{"line":5,"column":0},"end":{"line":5,"column":48}},"5":{"start":{"line":6,"column":0},"end":{"line":6,"column":60}},"6":{"start":{"line":7,"column":0},"end":{"line":7,"column":48}},"7":{"start":{"line":9,"column":0},"end":{"line":9,"column":68}},"8":{"start":{"line":10,"column":0},"end":{"line":10,"column":46}},"9":{"start":{"line":23,"column":0},"end":{"line":23,"column":null}},"10":{"start":{"line":23,"column":13},"end":{"line":23,"column":null}},"11":{"start":{"line":23,"column":13},"end":{"line":23,"column":22}}},"fnMap":{},"branchMap":{},"s":{"0":0,"1":0,"2":0,"3":0,"4":0,"5":0,"6":0,"7":0,"8":0,"9":0,"10":0,"11":0},"f":{},"b":{}}
,"/Users/sumanmanna/Documents/2fa-exp-todo/src/app.service.ts": {"path":"/Users/sumanmanna/Documents/2fa-exp-todo/src/app.service.ts","statementMap":{"0":{"start":{"line":1,"column":0},"end":{"line":1,"column":44}},"1":{"start":{"line":5,"column":0},"end":{"line":9,"column":null}},"2":{"start":{"line":7,"column":4},"end":{"line":7,"column":51}},"3":{"start":{"line":5,"column":13},"end":{"line":9,"column":null}},"4":{"start":{"line":5,"column":13},"end":{"line":5,"column":23}}},"fnMap":{"0":{"name":"(anonymous_1)","decl":{"start":{"line":6,"column":9},"end":{"line":6,"column":13}},"loc":{"start":{"line":6,"column":13},"end":{"line":8,"column":3}}}},"branchMap":{},"s":{"0":0,"1":0,"2":0,"3":0,"4":0},"f":{"0":0},"b":{}}
,"/Users/sumanmanna/Documents/2fa-exp-todo/src/main.ts": {"path":"/Users/sumanmanna/Documents/2fa-exp-todo/src/main.ts","statementMap":{"0":{"start":{"line":1,"column":0},"end":{"line":1,"column":43}},"1":{"start":{"line":2,"column":0},"end":{"line":2,"column":41}},"2":{"start":{"line":3,"column":0},"end":{"line":3,"column":65}},"3":{"start":{"line":6,"column":14},"end":{"line":6,"column":49}},"4":{"start":{"line":7,"column":15},"end":{"line":7,"column":44}},"5":{"start":{"line":8,"column":18},"end":{"line":12,"column":12}},"6":{"start":{"line":13,"column":19},"end":{"line":13,"column":61}},"7":{"start":{"line":14,"column":2},"end":{"line":14,"column":46}},"8":{"start":{"line":15,"column":2},"end":{"line":15,"column":25}},"9":{"start":{"line":16,"column":14},"end":{"line":16,"column":32}},"10":{"start":{"line":17,"column":2},"end":{"line":17,"column":52}},"11":{"start":{"line":19,"column":0},"end":{"line":19,"column":12}}},"fnMap":{"0":{"name":"bootstrap","decl":{"start":{"line":5,"column":15},"end":{"line":5,"column":24}},"loc":{"start":{"line":5,"column":24},"end":{"line":18,"column":1}}}},"branchMap":{"0":{"loc":{"start":{"line":7,"column":15},"end":{"line":7,"column":44}},"type":"binary-expr","locations":[{"start":{"line":7,"column":15},"end":{"line":7,"column":36}},{"start":{"line":7,"column":40},"end":{"line":7,"column":44}}]}},"s":{"0":0,"1":0,"2":0,"3":0,"4":0,"5":0,"6":0,"7":0,"8":0,"9":0,"10":0,"11":0},"f":{"0":0},"b":{"0":[0,0]}}
,"/Users/sumanmanna/Documents/2fa-exp-todo/src/typeorm.config.ts": {"path":"/Users/sumanmanna/Documents/2fa-exp-todo/src/typeorm.config.ts","statementMap":{"0":{"start":{"line":1,"column":0},"end":{"line":1,"column":56}},"1":{"start":{"line":2,"column":0},"end":{"line":2,"column":33}},"2":{"start":{"line":3,"column":17},"end":{"line":3,"column":34}},"3":{"start":{"line":4,"column":13},"end":{"line":20,"column":2}},"4":{"start":{"line":22,"column":17},"end":{"line":22,"column":50}},"5":{"start":{"line":23,"column":0},"end":{"line":23,"column":26}}},"fnMap":{},"branchMap":{"0":{"loc":{"start":{"line":5,"column":8},"end":{"line":5,"column":35}},"type":"binary-expr","locations":[{"start":{"line":5,"column":8},"end":{"line":5,"column":18}},{"start":{"line":5,"column":22},"end":{"line":5,"column":35}}]},"1":{"loc":{"start":{"line":6,"column":8},"end":{"line":6,"column":50}},"type":"binary-expr","locations":[{"start":{"line":6,"column":8},"end":{"line":6,"column":33}},{"start":{"line":6,"column":37},"end":{"line":6,"column":50}}]},"2":{"loc":{"start":{"line":7,"column":8},"end":{"line":7,"column":42}},"type":"binary-expr","locations":[{"start":{"line":7,"column":8},"end":{"line":7,"column":34}},{"start":{"line":7,"column":38},"end":{"line":7,"column":42}}]},"3":{"loc":{"start":{"line":8,"column":12},"end":{"line":8,"column":49}},"type":"binary-expr","locations":[{"start":{"line":8,"column":12},"end":{"line":8,"column":35}},{"start":{"line":8,"column":39},"end":{"line":8,"column":49}}]},"4":{"loc":{"start":{"line":9,"column":12},"end":{"line":9,"column":50}},"type":"binary-expr","locations":[{"start":{"line":9,"column":12},"end":{"line":9,"column":35}},{"start":{"line":9,"column":39},"end":{"line":9,"column":50}}]},"5":{"loc":{"start":{"line":10,"column":12},"end":{"line":10,"column":51}},"type":"binary-expr","locations":[{"start":{"line":10,"column":12},"end":{"line":10,"column":35}},{"start":{"line":10,"column":39},"end":{"line":10,"column":51}}]}},"s":{"0":0,"1":0,"2":0,"3":0,"4":0,"5":0},"f":{},"b":{"0":[0,0],"1":[0,0],"2":[0,0],"3":[0,0],"4":[0,0],"5":[0,0]}}
,"/Users/sumanmanna/Documents/2fa-exp-todo/src/auth/auth.module.ts": {"path":"/Users/sumanmanna/Documents/2fa-exp-todo/src/auth/auth.module.ts","statementMap":{"0":{"start":{"line":1,"column":0},"end":{"line":1,"column":48}},"1":{"start":{"line":2,"column":0},"end":{"line":2,"column":40}},"2":{"start":{"line":3,"column":0},"end":{"line":3,"column":50}},"3":{"start":{"line":4,"column":0},"end":{"line":4,"column":48}},"4":{"start":{"line":5,"column":0},"end":{"line":5,"column":62}},"5":{"start":{"line":6,"column":0},"end":{"line":6,"column":54}},"6":{"start":{"line":7,"column":0},"end":{"line":7,"column":69}},"7":{"start":{"line":8,"column":0},"end":{"line":8,"column":62}},"8":{"start":{"line":9,"column":0},"end":{"line":9,"column":44}},"9":{"start":{"line":10,"column":0},"end":{"line":10,"column":54}},"10":{"start":{"line":11,"column":0},"end":{"line":11,"column":82}},"11":{"start":{"line":12,"column":0},"end":{"line":12,"column":63}},"12":{"start":{"line":13,"column":0},"end":{"line":13,"column":74}},"13":{"start":{"line":14,"column":0},"end":{"line":14,"column":46}},"14":{"start":{"line":35,"column":0},"end":{"line":35,"column":null}},"15":{"start":{"line":35,"column":13},"end":{"line":35,"column":null}},"16":{"start":{"line":35,"column":13},"end":{"line":35,"column":23}}},"fnMap":{},"branchMap":{},"s":{"0":0,"1":0,"2":0,"3":0,"4":0,"5":0,"6":0,"7":0,"8":0,"9":0,"10":0,"11":0,"12":0,"13":0,"14":0,"15":0,"16":0},"f":{},"b":{}}
,"/Users/sumanmanna/Documents/2fa-exp-todo/src/auth/controller/auth.controller.ts": {"path":"/Users/sumanmanna/Documents/2fa-exp-todo/src/auth/controller/auth.controller.ts","statementMap":{"0":{"start":{"line":1,"column":0},"end":{"line":1,"column":null}},"1":{"start":{"line":9,"column":0},"end":{"line":9,"column":null}},"2":{"start":{"line":16,"column":0},"end":{"line":16,"column":55}},"3":{"start":{"line":17,"column":0},"end":{"line":17,"column":69}},"4":{"start":{"line":18,"column":0},"end":{"line":18,"column":71}},"5":{"start":{"line":20,"column":0},"end":{"line":20,"column":69}},"6":{"start":{"line":21,"column":0},"end":{"line":21,"column":63}},"7":{"start":{"line":25,"column":0},"end":{"line":69,"column":null}},"8":{"start":{"line":26,"column":22},"end":{"line":26,"column":35}},"9":{"start":{"line":54,"column":4},"end":{"line":54,"column":57}},"10":{"start":{"line":67,"column":4},"end":{"line":67,"column":56}},"11":{"start":{"line":51,"column":2},"end":{"line":55,"column":null}},"12":{"start":{"line":64,"column":2},"end":{"line":68,"column":null}},"13":{"start":{"line":25,"column":13},"end":{"line":69,"column":null}},"14":{"start":{"line":25,"column":13},"end":{"line":25,"column":27}}},"fnMap":{"0":{"name":"(anonymous_4)","decl":{"start":{"line":26,"column":2},"end":{"line":26,"column":22}},"loc":{"start":{"line":26,"column":46},"end":{"line":26,"column":50}}},"1":{"name":"(anonymous_5)","decl":{"start":{"line":51,"column":2},"end":{"line":51,"column":8}},"loc":{"start":{"line":52,"column":68},"end":{"line":55,"column":3}}},"2":{"name":"(anonymous_6)","decl":{"start":{"line":64,"column":2},"end":{"line":64,"column":8}},"loc":{"start":{"line":65,"column":67},"end":{"line":68,"column":3}}}},"branchMap":{},"s":{"0":1,"1":1,"2":1,"3":1,"4":1,"5":1,"6":1,"7":1,"8":3,"9":1,"10":1,"11":1,"12":1,"13":1,"14":1},"f":{"0":3,"1":1,"2":1},"b":{}}
,"/Users/sumanmanna/Documents/2fa-exp-todo/src/auth/controller/two-factor-auth.controller.ts": {"path":"/Users/sumanmanna/Documents/2fa-exp-todo/src/auth/controller/two-factor-auth.controller.ts","statementMap":{"0":{"start":{"line":1,"column":0},"end":{"line":1,"column":null}},"1":{"start":{"line":13,"column":0},"end":{"line":13,"column":66}},"2":{"start":{"line":14,"column":0},"end":{"line":14,"column":75}},"3":{"start":{"line":15,"column":0},"end":{"line":15,"column":76}},"4":{"start":{"line":17,"column":0},"end":{"line":17,"column":58}},"5":{"start":{"line":18,"column":0},"end":{"line":18,"column":45}},"6":{"start":{"line":19,"column":0},"end":{"line":19,"column":54}},"7":{"start":{"line":23,"column":0},"end":{"line":79,"column":null}},"8":{"start":{"line":24,"column":31},"end":{"line":24,"column":53}},"9":{"start":{"line":31,"column":6},"end":{"line":31,"column":71}},"10":{"start":{"line":32,"column":4},"end":{"line":32,"column":52}},"11":{"start":{"line":33,"column":4},"end":{"line":33,"column":76}},"12":{"start":{"line":46,"column":24},"end":{"line":48,"column":null}},"13":{"start":{"line":50,"column":4},"end":{"line":52,"column":null}},"14":{"start":{"line":51,"column":6},"end":{"line":51,"column":69}},"15":{"start":{"line":53,"column":4},"end":{"line":59,"column":null}},"16":{"start":{"line":54,"column":6},"end":{"line":54,"column":77}},"17":{"start":{"line":55,"column":6},"end":{"line":55,"column":65}},"18":{"start":{"line":57,"column":6},"end":{"line":57,"column":23}},"19":{"start":{"line":58,"column":6},"end":{"line":58,"column":70}},"20":{"start":{"line":69,"column":24},"end":{"line":71,"column":null}},"21":{"start":{"line":73,"column":4},"end":{"line":73,"column":29}},"22":{"start":{"line":74,"column":4},"end":{"line":76,"column":null}},"23":{"start":{"line":75,"column":6},"end":{"line":75,"column":69}},"24":{"start":{"line":77,"column":4},"end":{"line":77,"column":62}},"25":{"start":{"line":29,"column":2},"end":{"line":34,"column":null}},"26":{"start":{"line":42,"column":2},"end":{"line":60,"column":null}},"27":{"start":{"line":65,"column":2},"end":{"line":78,"column":null}},"28":{"start":{"line":23,"column":13},"end":{"line":79,"column":null}},"29":{"start":{"line":23,"column":13},"end":{"line":23,"column":36}}},"fnMap":{"0":{"name":"(anonymous_4)","decl":{"start":{"line":24,"column":2},"end":{"line":24,"column":31}},"loc":{"start":{"line":24,"column":73},"end":{"line":24,"column":77}}},"1":{"name":"(anonymous_5)","decl":{"start":{"line":29,"column":2},"end":{"line":29,"column":7}},"loc":{"start":{"line":29,"column":71},"end":{"line":34,"column":3}}},"2":{"name":"(anonymous_6)","decl":{"start":{"line":42,"column":2},"end":{"line":42,"column":7}},"loc":{"start":{"line":44,"column":52},"end":{"line":60,"column":3}}},"3":{"name":"(anonymous_7)","decl":{"start":{"line":65,"column":2},"end":{"line":65,"column":7}},"loc":{"start":{"line":67,"column":52},"end":{"line":78,"column":3}}}},"branchMap":{"0":{"loc":{"start":{"line":50,"column":4},"end":{"line":52,"column":null}},"type":"if","locations":[{"start":{"line":50,"column":4},"end":{"line":52,"column":null}}]},"1":{"loc":{"start":{"line":74,"column":4},"end":{"line":76,"column":null}},"type":"if","locations":[{"start":{"line":74,"column":4},"end":{"line":76,"column":null}}]}},"s":{"0":0,"1":0,"2":0,"3":0,"4":0,"5":0,"6":0,"7":0,"8":0,"9":0,"10":0,"11":0,"12":0,"13":0,"14":0,"15":0,"16":0,"17":0,"18":0,"19":0,"20":0,"21":0,"22":0,"23":0,"24":0,"25":0,"26":0,"27":0,"28":0,"29":0},"f":{"0":0,"1":0,"2":0,"3":0},"b":{"0":[0],"1":[0]}}
,"/Users/sumanmanna/Documents/2fa-exp-todo/src/auth/decorator/get-user.decorator.ts": {"path":"/Users/sumanmanna/Documents/2fa-exp-todo/src/auth/decorator/get-user.decorator.ts","statementMap":{"0":{"start":{"line":1,"column":0},"end":{"line":1,"column":54}},"1":{"start":{"line":5,"column":13},"end":{"line":10,"column":2}},"2":{"start":{"line":7,"column":16},"end":{"line":7,"column":47}},"3":{"start":{"line":8,"column":4},"end":{"line":8,"column":20}}},"fnMap":{"0":{"name":"(anonymous_0)","decl":{"start":{"line":6,"column":2},"end":{"line":6,"column":3}},"loc":{"start":{"line":6,"column":44},"end":{"line":9,"column":3}}}},"branchMap":{},"s":{"0":0,"1":0,"2":0,"3":0},"f":{"0":0},"b":{}}
,"/Users/sumanmanna/Documents/2fa-exp-todo/src/auth/dto/refresh-token.dto.ts": {"path":"/Users/sumanmanna/Documents/2fa-exp-todo/src/auth/dto/refresh-token.dto.ts","statementMap":{"0":{"start":{"line":1,"column":0},"end":{"line":1,"column":46}},"1":{"start":{"line":2,"column":0},"end":{"line":2,"column":43}},"2":{"start":{"line":7,"column":2},"end":{"line":7,"column":null}},"3":{"start":{"line":4,"column":0},"end":{"line":4,"column":13}}},"fnMap":{},"branchMap":{},"s":{"0":0,"1":0,"2":0,"3":0},"f":{},"b":{}}
,"/Users/sumanmanna/Documents/2fa-exp-todo/src/auth/dto/signin-credentials.dto.ts": {"path":"/Users/sumanmanna/Documents/2fa-exp-todo/src/auth/dto/signin-credentials.dto.ts","statementMap":{"0":{"start":{"line":1,"column":0},"end":{"line":1,"column":46}},"1":{"start":{"line":2,"column":0},"end":{"line":2,"column":74}},"2":{"start":{"line":3,"column":0},"end":{"line":3,"column":null}},"3":{"start":{"line":23,"column":2},"end":{"line":23,"column":null}},"4":{"start":{"line":39,"column":2},"end":{"line":39,"column":null}},"5":{"start":{"line":9,"column":0},"end":{"line":9,"column":13}}},"fnMap":{},"branchMap":{},"s":{"0":1,"1":1,"2":1,"3":1,"4":1,"5":1},"f":{},"b":{}}
,"/Users/sumanmanna/Documents/2fa-exp-todo/src/auth/dto/signin-response.dto.ts": {"path":"/Users/sumanmanna/Documents/2fa-exp-todo/src/auth/dto/signin-response.dto.ts","statementMap":{"0":{"start":{"line":1,"column":0},"end":{"line":1,"column":46}},"1":{"start":{"line":5,"column":2},"end":{"line":5,"column":null}},"2":{"start":{"line":8,"column":2},"end":{"line":8,"column":null}},"3":{"start":{"line":11,"column":2},"end":{"line":11,"column":null}},"4":{"start":{"line":14,"column":2},"end":{"line":14,"column":null}},"5":{"start":{"line":17,"column":2},"end":{"line":17,"column":null}},"6":{"start":{"line":24,"column":2},"end":{"line":24,"column":null}},"7":{"start":{"line":30,"column":2},"end":{"line":30,"column":null}},"8":{"start":{"line":33,"column":2},"end":{"line":33,"column":null}},"9":{"start":{"line":41,"column":2},"end":{"line":41,"column":null}},"10":{"start":{"line":47,"column":2},"end":{"line":47,"column":null}},"11":{"start":{"line":50,"column":2},"end":{"line":50,"column":null}},"12":{"start":{"line":36,"column":0},"end":{"line":36,"column":13}}},"fnMap":{},"branchMap":{},"s":{"0":1,"1":1,"2":1,"3":1,"4":1,"5":1,"6":1,"7":1,"8":1,"9":1,"10":1,"11":1,"12":1},"f":{},"b":{}}
,"/Users/sumanmanna/Documents/2fa-exp-todo/src/auth/dto/signup-credentials.dto.ts": {"path":"/Users/sumanmanna/Documents/2fa-exp-todo/src/auth/dto/signup-credentials.dto.ts","statementMap":{"0":{"start":{"line":1,"column":0},"end":{"line":1,"column":46}},"1":{"start":{"line":2,"column":0},"end":{"line":2,"column":74}},"2":{"start":{"line":3,"column":0},"end":{"line":3,"column":null}},"3":{"start":{"line":24,"column":2},"end":{"line":24,"column":null}},"4":{"start":{"line":40,"column":2},"end":{"line":40,"column":null}},"5":{"start":{"line":10,"column":0},"end":{"line":10,"column":13}}},"fnMap":{},"branchMap":{},"s":{"0":1,"1":1,"2":1,"3":1,"4":1,"5":1},"f":{},"b":{}}
,"/Users/sumanmanna/Documents/2fa-exp-todo/src/auth/dto/two-fa-auth.dto.ts": {"path":"/Users/sumanmanna/Documents/2fa-exp-todo/src/auth/dto/two-fa-auth.dto.ts","statementMap":{"0":{"start":{"line":1,"column":0},"end":{"line":1,"column":46}},"1":{"start":{"line":2,"column":0},"end":{"line":2,"column":43}},"2":{"start":{"line":7,"column":2},"end":{"line":7,"column":null}},"3":{"start":{"line":4,"column":0},"end":{"line":4,"column":13}}},"fnMap":{},"branchMap":{},"s":{"0":0,"1":0,"2":0,"3":0},"f":{},"b":{}}
,"/Users/sumanmanna/Documents/2fa-exp-todo/src/auth/entity/user.entity.ts": {"path":"/Users/sumanmanna/Documents/2fa-exp-todo/src/auth/entity/user.entity.ts","statementMap":{"0":{"start":{"line":1,"column":0},"end":{"line":1,"column":null}},"1":{"start":{"line":11,"column":0},"end":{"line":11,"column":33}},"2":{"start":{"line":12,"column":0},"end":{"line":12,"column":65}},"3":{"start":{"line":13,"column":0},"end":{"line":13,"column":62}},"4":{"start":{"line":14,"column":0},"end":{"line":14,"column":44}},"5":{"start":{"line":18,"column":0},"end":{"line":60,"column":null}},"6":{"start":{"line":21,"column":4},"end":{"line":21,"column":12}},"7":{"start":{"line":56,"column":4},"end":{"line":58,"column":32}},"8":{"start":{"line":58,"column":24},"end":{"line":58,"column":30}},"9":{"start":{"line":24,"column":2},"end":{"line":24,"column":null}},"10":{"start":{"line":27,"column":2},"end":{"line":27,"column":null}},"11":{"start":{"line":30,"column":2},"end":{"line":30,"column":null}},"12":{"start":{"line":33,"column":2},"end":{"line":33,"column":null}},"13":{"start":{"line":37,"column":2},"end":{"line":37,"column":null}},"14":{"start":{"line":40,"column":2},"end":{"line":40,"column":null}},"15":{"start":{"line":43,"column":2},"end":{"line":43,"column":null}},"16":{"start":{"line":46,"column":2},"end":{"line":46,"column":null}},"17":{"start":{"line":45,"column":23},"end":{"line":45,"column":31}},"18":{"start":{"line":45,"column":47},"end":{"line":45,"column":60}},"19":{"start":{"line":50,"column":2},"end":{"line":50,"column":null}},"20":{"start":{"line":48,"column":22},"end":{"line":48,"column":30}},"21":{"start":{"line":18,"column":13},"end":{"line":60,"column":null}},"22":{"start":{"line":18,"column":13},"end":{"line":18,"column":17}}},"fnMap":{"0":{"name":"(anonymous_2)","decl":{"start":{"line":19,"column":2},"end":{"line":19,"column":null}},"loc":{"start":{"line":19,"column":2},"end":{"line":22,"column":3}}},"1":{"name":"(anonymous_3)","decl":{"start":{"line":52,"column":2},"end":{"line":52,"column":7}},"loc":{"start":{"line":54,"column":26},"end":{"line":59,"column":3}}},"2":{"name":"(anonymous_4)","decl":{"start":{"line":58,"column":12},"end":{"line":58,"column":13}},"loc":{"start":{"line":58,"column":24},"end":{"line":58,"column":30}}},"3":{"name":"(anonymous_5)","decl":{"start":{"line":45,"column":13},"end":{"line":45,"column":14}},"loc":{"start":{"line":45,"column":23},"end":{"line":45,"column":31}}},"4":{"name":"(anonymous_6)","decl":{"start":{"line":45,"column":33},"end":{"line":45,"column":34}},"loc":{"start":{"line":45,"column":47},"end":{"line":45,"column":60}}},"5":{"name":"(anonymous_7)","decl":{"start":{"line":48,"column":12},"end":{"line":48,"column":13}},"loc":{"start":{"line":48,"column":22},"end":{"line":48,"column":30}}}},"branchMap":{},"s":{"0":1,"1":1,"2":1,"3":1,"4":1,"5":1,"6":0,"7":0,"8":0,"9":1,"10":1,"11":1,"12":1,"13":1,"14":1,"15":1,"16":1,"17":0,"18":0,"19":1,"20":0,"21":1,"22":1},"f":{"0":0,"1":0,"2":0,"3":0,"4":0,"5":0},"b":{}}
,"/Users/sumanmanna/Documents/2fa-exp-todo/src/auth/guards/jwt-authentication.guard.ts": {"path":"/Users/sumanmanna/Documents/2fa-exp-todo/src/auth/guards/jwt-authentication.guard.ts","statementMap":{"0":{"start":{"line":1,"column":0},"end":{"line":1,"column":44}},"1":{"start":{"line":2,"column":0},"end":{"line":2,"column":45}},"2":{"start":{"line":5,"column":0},"end":{"line":5,"column":null}},"3":{"start":{"line":5,"column":13},"end":{"line":5,"column":null}},"4":{"start":{"line":5,"column":13},"end":{"line":5,"column":35}}},"fnMap":{},"branchMap":{},"s":{"0":0,"1":0,"2":0,"3":0,"4":0},"f":{},"b":{}}
,"/Users/sumanmanna/Documents/2fa-exp-todo/src/auth/guards/jwt-refresh-token.guard.ts": {"path":"/Users/sumanmanna/Documents/2fa-exp-todo/src/auth/guards/jwt-refresh-token.guard.ts","statementMap":{"0":{"start":{"line":1,"column":0},"end":{"line":1,"column":44}},"1":{"start":{"line":2,"column":0},"end":{"line":2,"column":45}},"2":{"start":{"line":5,"column":0},"end":{"line":5,"column":null}},"3":{"start":{"line":5,"column":13},"end":{"line":5,"column":null}},"4":{"start":{"line":5,"column":13},"end":{"line":5,"column":33}}},"fnMap":{},"branchMap":{},"s":{"0":0,"1":0,"2":0,"3":0,"4":0},"f":{},"b":{}}
,"/Users/sumanmanna/Documents/2fa-exp-todo/src/auth/guards/jwt-two-factor.guard.ts": {"path":"/Users/sumanmanna/Documents/2fa-exp-todo/src/auth/guards/jwt-two-factor.guard.ts","statementMap":{"0":{"start":{"line":1,"column":0},"end":{"line":1,"column":44}},"1":{"start":{"line":2,"column":0},"end":{"line":2,"column":45}},"2":{"start":{"line":5,"column":0},"end":{"line":5,"column":null}},"3":{"start":{"line":5,"column":13},"end":{"line":5,"column":null}},"4":{"start":{"line":5,"column":13},"end":{"line":5,"column":30}}},"fnMap":{},"branchMap":{},"s":{"0":0,"1":0,"2":0,"3":0,"4":0},"f":{},"b":{}}
,"/Users/sumanmanna/Documents/2fa-exp-todo/src/auth/repository/user.repository.ts": {"path":"/Users/sumanmanna/Documents/2fa-exp-todo/src/auth/repository/user.repository.ts","statementMap":{"0":{"start":{"line":1,"column":0},"end":{"line":1,"column":null}},"1":{"start":{"line":6,"column":0},"end":{"line":6,"column":49}},"2":{"start":{"line":7,"column":0},"end":{"line":7,"column":45}},"3":{"start":{"line":10,"column":0},"end":{"line":10,"column":33}},"4":{"start":{"line":11,"column":0},"end":{"line":11,"column":62}},"5":{"start":{"line":16,"column":0},"end":{"line":94,"column":null}},"6":{"start":{"line":18,"column":4},"end":{"line":18,"column":50}},"7":{"start":{"line":17,"column":22},"end":{"line":17,"column":34}},"8":{"start":{"line":23,"column":17},"end":{"line":23,"column":60}},"9":{"start":{"line":24,"column":4},"end":{"line":29,"column":null}},"10":{"start":{"line":25,"column":6},"end":{"line":25,"column":42}},"11":{"start":{"line":26,"column":6},"end":{"line":26,"column":55}},"12":{"start":{"line":28,"column":6},"end":{"line":28,"column":36}},"13":{"start":{"line":35,"column":35},"end":{"line":35,"column":55}},"14":{"start":{"line":36,"column":17},"end":{"line":36,"column":27}},"15":{"start":{"line":37,"column":4},"end":{"line":37,"column":29}},"16":{"start":{"line":38,"column":4},"end":{"line":38,"column":39}},"17":{"start":{"line":39,"column":4},"end":{"line":39,"column":65}},"18":{"start":{"line":40,"column":4},"end":{"line":40,"column":46}},"19":{"start":{"line":41,"column":4},"end":{"line":41,"column":16}},"20":{"start":{"line":45,"column":4},"end":{"line":49,"column":null}},"21":{"start":{"line":46,"column":6},"end":{"line":46,"column":24}},"22":{"start":{"line":48,"column":6},"end":{"line":48,"column":68}},"23":{"start":{"line":53,"column":4},"end":{"line":57,"column":null}},"24":{"start":{"line":54,"column":6},"end":{"line":54,"column":61}},"25":{"start":{"line":56,"column":6},"end":{"line":56,"column":68}},"26":{"start":{"line":63,"column":35},"end":{"line":63,"column":54}},"27":{"start":{"line":64,"column":17},"end":{"line":64,"column":70}},"28":{"start":{"line":65,"column":4},"end":{"line":73,"column":null}},"29":{"start":{"line":66,"column":6},"end":{"line":70,"column":8}},"30":{"start":{"line":72,"column":6},"end":{"line":72,"column":18}},"31":{"start":{"line":77,"column":17},"end":{"line":77,"column":70}},"32":{"start":{"line":78,"column":4},"end":{"line":82,"column":null}},"33":{"start":{"line":79,"column":6},"end":{"line":79,"column":18}},"34":{"start":{"line":81,"column":6},"end":{"line":81,"column":18}},"35":{"start":{"line":86,"column":21},"end":{"line":86,"column":35}},"36":{"start":{"line":87,"column":4},"end":{"line":87,"column":26}},"37":{"start":{"line":88,"column":4},"end":{"line":88,"column":20}},"38":{"start":{"line":92,"column":4},"end":{"line":92,"column":39}},"39":{"start":{"line":16,"column":13},"end":{"line":94,"column":null}},"40":{"start":{"line":16,"column":13},"end":{"line":16,"column":27}}},"fnMap":{"0":{"name":"(anonymous_2)","decl":{"start":{"line":17,"column":2},"end":{"line":17,"column":22}},"loc":{"start":{"line":17,"column":44},"end":{"line":19,"column":3}}},"1":{"name":"(anonymous_3)","decl":{"start":{"line":20,"column":2},"end":{"line":20,"column":7}},"loc":{"start":{"line":21,"column":46},"end":{"line":30,"column":3}}},"2":{"name":"(anonymous_4)","decl":{"start":{"line":32,"column":10},"end":{"line":32,"column":15}},"loc":{"start":{"line":33,"column":46},"end":{"line":42,"column":3}}},"3":{"name":"(anonymous_5)","decl":{"start":{"line":44,"column":10},"end":{"line":44,"column":15}},"loc":{"start":{"line":44,"column":45},"end":{"line":50,"column":3}}},"4":{"name":"(anonymous_6)","decl":{"start":{"line":52,"column":10},"end":{"line":52,"column":27}},"loc":{"start":{"line":52,"column":38},"end":{"line":58,"column":3}}},"5":{"name":"(anonymous_7)","decl":{"start":{"line":60,"column":2},"end":{"line":60,"column":7}},"loc":{"start":{"line":61,"column":45},"end":{"line":74,"column":3}}},"6":{"name":"(anonymous_8)","decl":{"start":{"line":76,"column":2},"end":{"line":76,"column":7}},"loc":{"start":{"line":76,"column":46},"end":{"line":83,"column":3}}},"7":{"name":"(anonymous_9)","decl":{"start":{"line":85,"column":10},"end":{"line":85,"column":15}},"loc":{"start":{"line":85,"column":27},"end":{"line":89,"column":3}}},"8":{"name":"(anonymous_10)","decl":{"start":{"line":91,"column":10},"end":{"line":91,"column":15}},"loc":{"start":{"line":91,"column":59},"end":{"line":93,"column":3}}}},"branchMap":{"0":{"loc":{"start":{"line":53,"column":4},"end":{"line":57,"column":null}},"type":"if","locations":[{"start":{"line":53,"column":4},"end":{"line":57,"column":null}},{"start":{"line":55,"column":11},"end":{"line":57,"column":null}}]},"1":{"loc":{"start":{"line":65,"column":4},"end":{"line":73,"column":null}},"type":"if","locations":[{"start":{"line":65,"column":4},"end":{"line":73,"column":null}},{"start":{"line":71,"column":11},"end":{"line":73,"column":null}}]},"2":{"loc":{"start":{"line":65,"column":8},"end":{"line":65,"column":70}},"type":"binary-expr","locations":[{"start":{"line":65,"column":8},"end":{"line":65,"column":12}},{"start":{"line":65,"column":17},"end":{"line":65,"column":69}}]},"3":{"loc":{"start":{"line":78,"column":4},"end":{"line":82,"column":null}},"type":"if","locations":[{"start":{"line":78,"column":4},"end":{"line":82,"column":null}},{"start":{"line":80,"column":11},"end":{"line":82,"column":null}}]}},"s":{"0":1,"1":1,"2":1,"3":1,"4":1,"5":1,"6":0,"7":0,"8":0,"9":0,"10":0,"11":0,"12":0,"13":0,"14":0,"15":0,"16":0,"17":0,"18":0,"19":0,"20":0,"21":0,"22":0,"23":0,"24":0,"25":0,"26":0,"27":0,"28":0,"29":0,"30":0,"31":0,"32":0,"33":0,"34":0,"35":0,"36":0,"37":0,"38":0,"39":1,"40":1},"f":{"0":0,"1":0,"2":0,"3":0,"4":0,"5":0,"6":0,"7":0,"8":0},"b":{"0":[0,0],"1":[0,0],"2":[0,0],"3":[0,0]}}
,"/Users/sumanmanna/Documents/2fa-exp-todo/src/auth/services/auth.service.ts": {"path":"/Users/sumanmanna/Documents/2fa-exp-todo/src/auth/services/auth.service.ts","statementMap":{"0":{"start":{"line":1,"column":0},"end":{"line":1,"column":67}},"1":{"start":{"line":3,"column":0},"end":{"line":3,"column":63}},"2":{"start":{"line":4,"column":0},"end":{"line":4,"column":51}},"3":{"start":{"line":10,"column":0},"end":{"line":10,"column":41}},"4":{"start":{"line":11,"column":0},"end":{"line":11,"column":33}},"5":{"start":{"line":13,"column":0},"end":{"line":13,"column":33}},"6":{"start":{"line":15,"column":17},"end":{"line":15,"column":34}},"7":{"start":{"line":17,"column":0},"end":{"line":119,"column":null}},"8":{"start":{"line":20,"column":12},"end":{"line":20,"column":28}},"9":{"start":{"line":21,"column":12},"end":{"line":21,"column":24}},"10":{"start":{"line":25,"column":25},"end":{"line":25,"column":60}},"11":{"start":{"line":26,"column":4},"end":{"line":26,"column":72}},"12":{"start":{"line":27,"column":4},"end":{"line":30,"column":6}},"13":{"start":{"line":36,"column":4},"end":{"line":36,"column":59}},"14":{"start":{"line":42,"column":17},"end":{"line":43,"column":null}},"15":{"start":{"line":45,"column":4},"end":{"line":47,"column":null}},"16":{"start":{"line":46,"column":6},"end":{"line":46,"column":61}},"17":{"start":{"line":48,"column":24},"end":{"line":48,"column":55}},"18":{"start":{"line":49,"column":4},"end":{"line":53,"column":null}},"19":{"start":{"line":50,"column":6},"end":{"line":52,"column":8}},"20":{"start":{"line":55,"column":25},"end":{"line":55,"column":57}},"21":{"start":{"line":56,"column":4},"end":{"line":56,"column":69}},"22":{"start":{"line":57,"column":4},"end":{"line":61,"column":6}},"23":{"start":{"line":65,"column":4},"end":{"line":65,"column":61}},"24":{"start":{"line":69,"column":24},"end":{"line":73,"column":6}},"25":{"start":{"line":75,"column":4},"end":{"line":75,"column":23}},"26":{"start":{"line":79,"column":25},"end":{"line":84,"column":6}},"27":{"start":{"line":86,"column":4},"end":{"line":86,"column":24}},"28":{"start":{"line":90,"column":4},"end":{"line":92,"column":null}},"29":{"start":{"line":91,"column":6},"end":{"line":91,"column":57}},"30":{"start":{"line":94,"column":4},"end":{"line":99,"column":6}},"31":{"start":{"line":106,"column":17},"end":{"line":106,"column":74}},"32":{"start":{"line":107,"column":35},"end":{"line":109,"column":null}},"33":{"start":{"line":112,"column":4},"end":{"line":117,"column":null}},"34":{"start":{"line":113,"column":6},"end":{"line":113,"column":58}},"35":{"start":{"line":114,"column":6},"end":{"line":114,"column":18}},"36":{"start":{"line":116,"column":6},"end":{"line":116,"column":40}},"37":{"start":{"line":17,"column":13},"end":{"line":119,"column":null}},"38":{"start":{"line":17,"column":13},"end":{"line":17,"column":24}}},"fnMap":{"0":{"name":"(anonymous_4)","decl":{"start":{"line":18,"column":2},"end":{"line":18,"column":null}},"loc":{"start":{"line":21,"column":34},"end":{"line":22,"column":6}}},"1":{"name":"(anonymous_5)","decl":{"start":{"line":24,"column":2},"end":{"line":24,"column":7}},"loc":{"start":{"line":24,"column":55},"end":{"line":31,"column":3}}},"2":{"name":"(anonymous_6)","decl":{"start":{"line":33,"column":2},"end":{"line":33,"column":7}},"loc":{"start":{"line":34,"column":45},"end":{"line":37,"column":3}}},"3":{"name":"(anonymous_7)","decl":{"start":{"line":39,"column":2},"end":{"line":39,"column":7}},"loc":{"start":{"line":40,"column":45},"end":{"line":62,"column":3}}},"4":{"name":"(anonymous_8)","decl":{"start":{"line":64,"column":2},"end":{"line":64,"column":7}},"loc":{"start":{"line":64,"column":26},"end":{"line":66,"column":3}}},"5":{"name":"(anonymous_9)","decl":{"start":{"line":68,"column":2},"end":{"line":68,"column":7}},"loc":{"start":{"line":68,"column":42},"end":{"line":76,"column":3}}},"6":{"name":"(anonymous_10)","decl":{"start":{"line":78,"column":2},"end":{"line":78,"column":7}},"loc":{"start":{"line":78,"column":43},"end":{"line":87,"column":3}}},"7":{"name":"(anonymous_11)","decl":{"start":{"line":89,"column":2},"end":{"line":89,"column":7}},"loc":{"start":{"line":89,"column":55},"end":{"line":100,"column":3}}},"8":{"name":"(anonymous_12)","decl":{"start":{"line":102,"column":2},"end":{"line":102,"column":7}},"loc":{"start":{"line":104,"column":20},"end":{"line":118,"column":3}}}},"branchMap":{"0":{"loc":{"start":{"line":45,"column":4},"end":{"line":47,"column":null}},"type":"if","locations":[{"start":{"line":45,"column":4},"end":{"line":47,"column":null}}]},"1":{"loc":{"start":{"line":49,"column":4},"end":{"line":53,"column":null}},"type":"if","locations":[{"start":{"line":49,"column":4},"end":{"line":53,"column":null}}]},"2":{"loc":{"start":{"line":70,"column":14},"end":{"line":70,"column":68}},"type":"binary-expr","locations":[{"start":{"line":70,"column":14},"end":{"line":70,"column":49}},{"start":{"line":70,"column":53},"end":{"line":70,"column":68}}]},"3":{"loc":{"start":{"line":72,"column":8},"end":{"line":72,"column":75}},"type":"binary-expr","locations":[{"start":{"line":72,"column":8},"end":{"line":72,"column":53}},{"start":{"line":72,"column":57},"end":{"line":72,"column":75}}]},"4":{"loc":{"start":{"line":80,"column":14},"end":{"line":80,"column":76}},"type":"binary-expr","locations":[{"start":{"line":80,"column":14},"end":{"line":80,"column":50}},{"start":{"line":80,"column":54},"end":{"line":80,"column":76}}]},"5":{"loc":{"start":{"line":82,"column":8},"end":{"line":83,"column":33}},"type":"binary-expr","locations":[{"start":{"line":82,"column":8},"end":{"line":82,"column":54}},{"start":{"line":83,"column":8},"end":{"line":83,"column":33}}]},"6":{"loc":{"start":{"line":90,"column":4},"end":{"line":92,"column":null}},"type":"if","locations":[{"start":{"line":90,"column":4},"end":{"line":92,"column":null}}]},"7":{"loc":{"start":{"line":112,"column":4},"end":{"line":117,"column":null}},"type":"if","locations":[{"start":{"line":112,"column":4},"end":{"line":117,"column":null}},{"start":{"line":115,"column":11},"end":{"line":117,"column":null}}]}},"s":{"0":1,"1":1,"2":1,"3":1,"4":1,"5":1,"6":1,"7":1,"8":0,"9":0,"10":0,"11":0,"12":0,"13":0,"14":0,"15":0,"16":0,"17":0,"18":0,"19":0,"20":0,"21":0,"22":0,"23":0,"24":0,"25":0,"26":0,"27":0,"28":0,"29":0,"30":0,"31":0,"32":0,"33":0,"34":0,"35":0,"36":0,"37":1,"38":1},"f":{"0":0,"1":0,"2":0,"3":0,"4":0,"5":0,"6":0,"7":0,"8":0},"b":{"0":[0],"1":[0],"2":[0,0],"3":[0,0],"4":[0,0],"5":[0,0],"6":[0],"7":[0,0]}}
,"/Users/sumanmanna/Documents/2fa-exp-todo/src/auth/services/authentication.abstract.ts": {"path":"/Users/sumanmanna/Documents/2fa-exp-todo/src/auth/services/authentication.abstract.ts","statementMap":{"0":{"start":{"line":8,"column":0},"end":{"line":8,"column":22}}},"fnMap":{"0":{"name":"(anonymous_0)","decl":{"start":{"line":9,"column":2},"end":{"line":9,"column":17}},"loc":{"start":{"line":9,"column":2},"end":{"line":9,"column":18}}}},"branchMap":{},"s":{"0":0},"f":{"0":0},"b":{}}
,"/Users/sumanmanna/Documents/2fa-exp-todo/src/auth/services/two-factor-auth.service.ts": {"path":"/Users/sumanmanna/Documents/2fa-exp-todo/src/auth/services/two-factor-auth.service.ts","statementMap":{"0":{"start":{"line":1,"column":0},"end":{"line":1,"column":65}},"1":{"start":{"line":2,"column":0},"end":{"line":2,"column":51}},"2":{"start":{"line":3,"column":0},"end":{"line":3,"column":33}},"3":{"start":{"line":4,"column":0},"end":{"line":4,"column":63}},"4":{"start":{"line":5,"column":0},"end":{"line":5,"column":45}},"5":{"start":{"line":9,"column":0},"end":{"line":9,"column":39}},"6":{"start":{"line":13,"column":0},"end":{"line":13,"column":38}},"7":{"start":{"line":15,"column":17},"end":{"line":15,"column":34}},"8":{"start":{"line":17,"column":0},"end":{"line":89,"column":null}},"9":{"start":{"line":19,"column":46},"end":{"line":19,"column":62}},"10":{"start":{"line":20,"column":12},"end":{"line":20,"column":25}},"11":{"start":{"line":23,"column":17},"end":{"line":23,"column":79}},"12":{"start":{"line":24,"column":4},"end":{"line":28,"column":null}},"13":{"start":{"line":25,"column":6},"end":{"line":27,"column":null}},"14":{"start":{"line":26,"column":8},"end":{"line":26,"column":62}},"15":{"start":{"line":29,"column":19},"end":{"line":29,"column":49}},"16":{"start":{"line":31,"column":6},"end":{"line":32,"column":31}},"17":{"start":{"line":33,"column":23},"end":{"line":33,"column":76}},"18":{"start":{"line":34,"column":4},"end":{"line":37,"column":6}},"19":{"start":{"line":39,"column":4},"end":{"line":42,"column":6}},"20":{"start":{"line":46,"column":4},"end":{"line":46,"column":44}},"21":{"start":{"line":50,"column":4},"end":{"line":53,"column":6}},"22":{"start":{"line":57,"column":4},"end":{"line":60,"column":7}},"23":{"start":{"line":67,"column":17},"end":{"line":72,"column":6}},"24":{"start":{"line":74,"column":24},"end":{"line":74,"column":67}},"25":{"start":{"line":75,"column":25},"end":{"line":75,"column":69}},"26":{"start":{"line":76,"column":4},"end":{"line":79,"column":6}},"27":{"start":{"line":80,"column":4},"end":{"line":87,"column":6}},"28":{"start":{"line":17,"column":13},"end":{"line":89,"column":null}},"29":{"start":{"line":17,"column":13},"end":{"line":17,"column":33}}},"fnMap":{"0":{"name":"(anonymous_4)","decl":{"start":{"line":18,"column":2},"end":{"line":18,"column":null}},"loc":{"start":{"line":20,"column":36},"end":{"line":21,"column":6}}},"1":{"name":"(anonymous_5)","decl":{"start":{"line":22,"column":9},"end":{"line":22,"column":14}},"loc":{"start":{"line":22,"column":53},"end":{"line":43,"column":3}}},"2":{"name":"(anonymous_6)","decl":{"start":{"line":45,"column":9},"end":{"line":45,"column":14}},"loc":{"start":{"line":45,"column":68},"end":{"line":47,"column":3}}},"3":{"name":"(anonymous_7)","decl":{"start":{"line":49,"column":9},"end":{"line":49,"column":14}},"loc":{"start":{"line":49,"column":63},"end":{"line":54,"column":3}}},"4":{"name":"(anonymous_8)","decl":{"start":{"line":56,"column":9},"end":{"line":56,"column":14}},"loc":{"start":{"line":56,"column":55},"end":{"line":61,"column":3}}},"5":{"name":"(anonymous_9)","decl":{"start":{"line":63,"column":2},"end":{"line":63,"column":7}},"loc":{"start":{"line":65,"column":33},"end":{"line":88,"column":3}}}},"branchMap":{"0":{"loc":{"start":{"line":24,"column":4},"end":{"line":28,"column":null}},"type":"if","locations":[{"start":{"line":24,"column":4},"end":{"line":28,"column":null}}]},"1":{"loc":{"start":{"line":25,"column":6},"end":{"line":27,"column":null}},"type":"if","locations":[{"start":{"line":25,"column":6},"end":{"line":27,"column":null}}]},"2":{"loc":{"start":{"line":31,"column":6},"end":{"line":32,"column":31}},"type":"binary-expr","locations":[{"start":{"line":31,"column":6},"end":{"line":31,"column":52}},{"start":{"line":32,"column":6},"end":{"line":32,"column":31}}]}},"s":{"0":0,"1":0,"2":0,"3":0,"4":0,"5":0,"6":0,"7":0,"8":0,"9":0,"10":0,"11":0,"12":0,"13":0,"14":0,"15":0,"16":0,"17":0,"18":0,"19":0,"20":0,"21":0,"22":0,"23":0,"24":0,"25":0,"26":0,"27":0,"28":0,"29":0},"f":{"0":0,"1":0,"2":0,"3":0,"4":0,"5":0},"b":{"0":[0],"1":[0],"2":[0,0]}}
,"/Users/sumanmanna/Documents/2fa-exp-todo/src/auth/strategy/jwt-2fa-strategy.ts": {"path":"/Users/sumanmanna/Documents/2fa-exp-todo/src/auth/strategy/jwt-2fa-strategy.ts","statementMap":{"0":{"start":{"line":1,"column":0},"end":{"line":1,"column":67}},"1":{"start":{"line":2,"column":0},"end":{"line":2,"column":52}},"2":{"start":{"line":3,"column":0},"end":{"line":3,"column":51}},"3":{"start":{"line":4,"column":0},"end":{"line":4,"column":52}},"4":{"start":{"line":5,"column":0},"end":{"line":5,"column":63}},"5":{"start":{"line":6,"column":0},"end":{"line":6,"column":33}},"6":{"start":{"line":9,"column":17},"end":{"line":9,"column":34}},"7":{"start":{"line":11,"column":0},"end":{"line":39,"column":null}},"8":{"start":{"line":18,"column":4},"end":{"line":21,"column":7}},"9":{"start":{"line":16,"column":46},"end":{"line":16,"column":62}},"10":{"start":{"line":25,"column":25},"end":{"line":25,"column":32}},"11":{"start":{"line":26,"column":17},"end":{"line":26,"column":75}},"12":{"start":{"line":27,"column":4},"end":{"line":29,"column":null}},"13":{"start":{"line":28,"column":6},"end":{"line":28,"column":40}},"14":{"start":{"line":31,"column":4},"end":{"line":33,"column":null}},"15":{"start":{"line":32,"column":6},"end":{"line":32,"column":18}},"16":{"start":{"line":35,"column":4},"end":{"line":37,"column":null}},"17":{"start":{"line":36,"column":6},"end":{"line":36,"column":18}},"18":{"start":{"line":11,"column":13},"end":{"line":39,"column":null}},"19":{"start":{"line":11,"column":13},"end":{"line":11,"column":29}}},"fnMap":{"0":{"name":"(anonymous_4)","decl":{"start":{"line":15,"column":2},"end":{"line":15,"column":null}},"loc":{"start":{"line":16,"column":76},"end":{"line":22,"column":3}}},"1":{"name":"(anonymous_5)","decl":{"start":{"line":24,"column":2},"end":{"line":24,"column":7}},"loc":{"start":{"line":24,"column":36},"end":{"line":38,"column":3}}}},"branchMap":{"0":{"loc":{"start":{"line":20,"column":19},"end":{"line":20,"column":73}},"type":"binary-expr","locations":[{"start":{"line":20,"column":19},"end":{"line":20,"column":54}},{"start":{"line":20,"column":58},"end":{"line":20,"column":73}}]},"1":{"loc":{"start":{"line":27,"column":4},"end":{"line":29,"column":null}},"type":"if","locations":[{"start":{"line":27,"column":4},"end":{"line":29,"column":null}}]},"2":{"loc":{"start":{"line":31,"column":4},"end":{"line":33,"column":null}},"type":"if","locations":[{"start":{"line":31,"column":4},"end":{"line":33,"column":null}}]},"3":{"loc":{"start":{"line":35,"column":4},"end":{"line":37,"column":null}},"type":"if","locations":[{"start":{"line":35,"column":4},"end":{"line":37,"column":null}}]}},"s":{"0":0,"1":0,"2":0,"3":0,"4":0,"5":0,"6":0,"7":0,"8":0,"9":0,"10":0,"11":0,"12":0,"13":0,"14":0,"15":0,"16":0,"17":0,"18":0,"19":0},"f":{"0":0,"1":0},"b":{"0":[0,0],"1":[0],"2":[0],"3":[0]}}
,"/Users/sumanmanna/Documents/2fa-exp-todo/src/auth/strategy/jwt-refresh-strategy.ts": {"path":"/Users/sumanmanna/Documents/2fa-exp-todo/src/auth/strategy/jwt-refresh-strategy.ts","statementMap":{"0":{"start":{"line":1,"column":0},"end":{"line":1,"column":67}},"1":{"start":{"line":2,"column":0},"end":{"line":2,"column":52}},"2":{"start":{"line":3,"column":0},"end":{"line":3,"column":51}},"3":{"start":{"line":4,"column":0},"end":{"line":4,"column":52}},"4":{"start":{"line":5,"column":0},"end":{"line":5,"column":63}},"5":{"start":{"line":6,"column":0},"end":{"line":6,"column":33}},"6":{"start":{"line":8,"column":17},"end":{"line":8,"column":34}},"7":{"start":{"line":10,"column":0},"end":{"line":33,"column":null}},"8":{"start":{"line":18,"column":4},"end":{"line":22,"column":7}},"9":{"start":{"line":16,"column":21},"end":{"line":16,"column":37}},"10":{"start":{"line":26,"column":47},"end":{"line":26,"column":54}},"11":{"start":{"line":27,"column":17},"end":{"line":27,"column":75}},"12":{"start":{"line":28,"column":4},"end":{"line":30,"column":null}},"13":{"start":{"line":29,"column":6},"end":{"line":29,"column":40}},"14":{"start":{"line":31,"column":4},"end":{"line":31,"column":16}},"15":{"start":{"line":10,"column":13},"end":{"line":33,"column":null}},"16":{"start":{"line":10,"column":13},"end":{"line":10,"column":31}}},"fnMap":{"0":{"name":"(anonymous_4)","decl":{"start":{"line":14,"column":2},"end":{"line":14,"column":null}},"loc":{"start":{"line":16,"column":51},"end":{"line":23,"column":3}}},"1":{"name":"(anonymous_5)","decl":{"start":{"line":25,"column":2},"end":{"line":25,"column":7}},"loc":{"start":{"line":25,"column":36},"end":{"line":32,"column":3}}}},"branchMap":{"0":{"loc":{"start":{"line":21,"column":8},"end":{"line":21,"column":70}},"type":"binary-expr","locations":[{"start":{"line":21,"column":8},"end":{"line":21,"column":44}},{"start":{"line":21,"column":48},"end":{"line":21,"column":70}}]},"1":{"loc":{"start":{"line":28,"column":4},"end":{"line":30,"column":null}},"type":"if","locations":[{"start":{"line":28,"column":4},"end":{"line":30,"column":null}}]},"2":{"loc":{"start":{"line":28,"column":8},"end":{"line":28,"column":66}},"type":"binary-expr","locations":[{"start":{"line":28,"column":8},"end":{"line":28,"column":13}},{"start":{"line":28,"column":18},"end":{"line":28,"column":40}},{"start":{"line":28,"column":44},"end":{"line":28,"column":65}}]}},"s":{"0":0,"1":0,"2":0,"3":0,"4":0,"5":0,"6":0,"7":0,"8":0,"9":0,"10":0,"11":0,"12":0,"13":0,"14":0,"15":0,"16":0},"f":{"0":0,"1":0},"b":{"0":[0,0],"1":[0],"2":[0,0,0]}}
,"/Users/sumanmanna/Documents/2fa-exp-todo/src/auth/strategy/jwt-strategy.ts": {"path":"/Users/sumanmanna/Documents/2fa-exp-todo/src/auth/strategy/jwt-strategy.ts","statementMap":{"0":{"start":{"line":1,"column":0},"end":{"line":1,"column":67}},"1":{"start":{"line":2,"column":0},"end":{"line":2,"column":52}},"2":{"start":{"line":3,"column":0},"end":{"line":3,"column":51}},"3":{"start":{"line":4,"column":0},"end":{"line":4,"column":33}},"4":{"start":{"line":5,"column":0},"end":{"line":5,"column":52}},"5":{"start":{"line":6,"column":0},"end":{"line":6,"column":63}},"6":{"start":{"line":9,"column":17},"end":{"line":9,"column":34}},"7":{"start":{"line":11,"column":0},"end":{"line":29,"column":null}},"8":{"start":{"line":15,"column":4},"end":{"line":18,"column":7}},"9":{"start":{"line":13,"column":46},"end":{"line":13,"column":62}},"10":{"start":{"line":22,"column":25},"end":{"line":22,"column":32}},"11":{"start":{"line":23,"column":17},"end":{"line":23,"column":69}},"12":{"start":{"line":24,"column":4},"end":{"line":26,"column":null}},"13":{"start":{"line":25,"column":6},"end":{"line":25,"column":40}},"14":{"start":{"line":27,"column":4},"end":{"line":27,"column":16}},"15":{"start":{"line":11,"column":13},"end":{"line":29,"column":null}},"16":{"start":{"line":11,"column":13},"end":{"line":11,"column":24}}},"fnMap":{"0":{"name":"(anonymous_4)","decl":{"start":{"line":12,"column":2},"end":{"line":12,"column":null}},"loc":{"start":{"line":13,"column":76},"end":{"line":19,"column":3}}},"1":{"name":"(anonymous_5)","decl":{"start":{"line":21,"column":2},"end":{"line":21,"column":7}},"loc":{"start":{"line":21,"column":36},"end":{"line":28,"column":3}}}},"branchMap":{"0":{"loc":{"start":{"line":17,"column":19},"end":{"line":17,"column":73}},"type":"binary-expr","locations":[{"start":{"line":17,"column":19},"end":{"line":17,"column":54}},{"start":{"line":17,"column":58},"end":{"line":17,"column":73}}]},"1":{"loc":{"start":{"line":24,"column":4},"end":{"line":26,"column":null}},"type":"if","locations":[{"start":{"line":24,"column":4},"end":{"line":26,"column":null}}]}},"s":{"0":0,"1":0,"2":0,"3":0,"4":0,"5":0,"6":0,"7":0,"8":0,"9":0,"10":0,"11":0,"12":0,"13":0,"14":0,"15":0,"16":0},"f":{"0":0,"1":0},"b":{"0":[0,0],"1":[0]}}
,"/Users/sumanmanna/Documents/2fa-exp-todo/src/exchange/exchange.module.ts": {"path":"/Users/sumanmanna/Documents/2fa-exp-todo/src/exchange/exchange.module.ts","statementMap":{"0":{"start":{"line":1,"column":0},"end":{"line":1,"column":40}},"1":{"start":{"line":4,"column":0},"end":{"line":4,"column":null}},"2":{"start":{"line":4,"column":13},"end":{"line":4,"column":null}},"3":{"start":{"line":4,"column":13},"end":{"line":4,"column":27}}},"fnMap":{},"branchMap":{},"s":{"0":0,"1":0,"2":0,"3":0},"f":{},"b":{}}
,"/Users/sumanmanna/Documents/2fa-exp-todo/src/exchange/entity/exchange.entity.ts": {"path":"/Users/sumanmanna/Documents/2fa-exp-todo/src/exchange/entity/exchange.entity.ts","statementMap":{"0":{"start":{"line":1,"column":0},"end":{"line":1,"column":null}},"1":{"start":{"line":9,"column":0},"end":{"line":9,"column":53}},"2":{"start":{"line":12,"column":0},"end":{"line":34,"column":null}},"3":{"start":{"line":15,"column":4},"end":{"line":15,"column":12}},"4":{"start":{"line":18,"column":2},"end":{"line":18,"column":null}},"5":{"start":{"line":21,"column":2},"end":{"line":21,"column":null}},"6":{"start":{"line":24,"column":2},"end":{"line":24,"column":null}},"7":{"start":{"line":27,"column":2},"end":{"line":27,"column":null}},"8":{"start":{"line":30,"column":2},"end":{"line":30,"column":null}},"9":{"start":{"line":29,"column":23},"end":{"line":29,"column":27}},"10":{"start":{"line":29,"column":39},"end":{"line":29,"column":52}},"11":{"start":{"line":33,"column":2},"end":{"line":33,"column":null}},"12":{"start":{"line":12,"column":13},"end":{"line":34,"column":null}},"13":{"start":{"line":12,"column":13},"end":{"line":12,"column":21}}},"fnMap":{"0":{"name":"(anonymous_2)","decl":{"start":{"line":13,"column":2},"end":{"line":13,"column":null}},"loc":{"start":{"line":13,"column":2},"end":{"line":16,"column":3}}},"1":{"name":"(anonymous_3)","decl":{"start":{"line":29,"column":13},"end":{"line":29,"column":14}},"loc":{"start":{"line":29,"column":23},"end":{"line":29,"column":27}}},"2":{"name":"(anonymous_4)","decl":{"start":{"line":29,"column":29},"end":{"line":29,"column":30}},"loc":{"start":{"line":29,"column":39},"end":{"line":29,"column":52}}}},"branchMap":{},"s":{"0":1,"1":1,"2":1,"3":0,"4":1,"5":1,"6":1,"7":1,"8":1,"9":0,"10":0,"11":1,"12":1,"13":1},"f":{"0":0,"1":0,"2":0},"b":{}}
,"/Users/sumanmanna/Documents/2fa-exp-todo/src/migration/1704970138865-migration_1.ts": {"path":"/Users/sumanmanna/Documents/2fa-exp-todo/src/migration/1704970138865-migration_1.ts","statementMap":{"0":{"start":{"line":4,"column":4},"end":{"line":4,"column":null}},"1":{"start":{"line":7,"column":8},"end":{"line":7,"column":114}},"2":{"start":{"line":11,"column":8},"end":{"line":11,"column":114}},"3":{"start":{"line":3,"column":0},"end":{"line":3,"column":13}}},"fnMap":{"0":{"name":"(anonymous_0)","decl":{"start":{"line":3,"column":0},"end":{"line":3,"column":13}},"loc":{"start":{"line":3,"column":0},"end":{"line":14,"column":1}}},"1":{"name":"(anonymous_1)","decl":{"start":{"line":6,"column":11},"end":{"line":6,"column":16}},"loc":{"start":{"line":6,"column":44},"end":{"line":8,"column":5}}},"2":{"name":"(anonymous_2)","decl":{"start":{"line":10,"column":11},"end":{"line":10,"column":16}},"loc":{"start":{"line":10,"column":46},"end":{"line":12,"column":5}}}},"branchMap":{},"s":{"0":0,"1":0,"2":0,"3":0},"f":{"0":0,"1":0,"2":0},"b":{}}
,"/Users/sumanmanna/Documents/2fa-exp-todo/src/user/user.module.ts": {"path":"/Users/sumanmanna/Documents/2fa-exp-todo/src/user/user.module.ts","statementMap":{"0":{"start":{"line":1,"column":0},"end":{"line":1,"column":48}},"1":{"start":{"line":2,"column":0},"end":{"line":2,"column":56}},"2":{"start":{"line":3,"column":0},"end":{"line":3,"column":48}},"3":{"start":{"line":4,"column":0},"end":{"line":4,"column":71}},"4":{"start":{"line":5,"column":0},"end":{"line":5,"column":62}},"5":{"start":{"line":6,"column":0},"end":{"line":6,"column":53}},"6":{"start":{"line":7,"column":0},"end":{"line":7,"column":53}},"7":{"start":{"line":19,"column":0},"end":{"line":19,"column":null}},"8":{"start":{"line":19,"column":13},"end":{"line":19,"column":null}},"9":{"start":{"line":19,"column":13},"end":{"line":19,"column":23}}},"fnMap":{},"branchMap":{},"s":{"0":0,"1":0,"2":0,"3":0,"4":0,"5":0,"6":0,"7":0,"8":0,"9":0},"f":{},"b":{}}
,"/Users/sumanmanna/Documents/2fa-exp-todo/src/user/controller/user.controller.ts": {"path":"/Users/sumanmanna/Documents/2fa-exp-todo/src/user/controller/user.controller.ts","statementMap":{"0":{"start":{"line":1,"column":0},"end":{"line":1,"column":null}},"1":{"start":{"line":10,"column":0},"end":{"line":10,"column":79}},"2":{"start":{"line":12,"column":0},"end":{"line":12,"column":54}},"3":{"start":{"line":13,"column":0},"end":{"line":13,"column":66}},"4":{"start":{"line":14,"column":0},"end":{"line":14,"column":53}},"5":{"start":{"line":16,"column":0},"end":{"line":16,"column":59}},"6":{"start":{"line":17,"column":0},"end":{"line":17,"column":37}},"7":{"start":{"line":18,"column":0},"end":{"line":18,"column":51}},"8":{"start":{"line":19,"column":0},"end":{"line":19,"column":75}},"9":{"start":{"line":23,"column":4},"end":{"line":23,"column":44}},"10":{"start":{"line":28,"column":0},"end":{"line":67,"column":null}},"11":{"start":{"line":29,"column":22},"end":{"line":29,"column":35}},"12":{"start":{"line":33,"column":4},"end":{"line":33,"column":42}},"13":{"start":{"line":61,"column":4},"end":{"line":64,"column":null}},"14":{"start":{"line":62,"column":6},"end":{"line":62,"column":44}},"15":{"start":{"line":63,"column":6},"end":{"line":63,"column":49}},"16":{"start":{"line":65,"column":4},"end":{"line":65,"column":65}},"17":{"start":{"line":32,"column":2},"end":{"line":34,"column":null}},"18":{"start":{"line":56,"column":2},"end":{"line":66,"column":null}},"19":{"start":{"line":50,"column":10},"end":{"line":50,"column":32}},"20":{"start":{"line":28,"column":13},"end":{"line":67,"column":null}},"21":{"start":{"line":28,"column":13},"end":{"line":28,"column":27}}},"fnMap":{"0":{"name":"(anonymous_4)","decl":{"start":{"line":29,"column":2},"end":{"line":29,"column":22}},"loc":{"start":{"line":29,"column":46},"end":{"line":29,"column":50}}},"1":{"name":"(anonymous_5)","decl":{"start":{"line":32,"column":2},"end":{"line":32,"column":13}},"loc":{"start":{"line":32,"column":35},"end":{"line":34,"column":3}}},"2":{"name":"(anonymous_6)","decl":{"start":{"line":56,"column":2},"end":{"line":56,"column":16}},"loc":{"start":{"line":59,"column":25},"end":{"line":66,"column":3}}},"3":{"name":"(anonymous_7)","decl":{"start":{"line":49,"column":21},"end":{"line":49,"column":31}},"loc":{"start":{"line":49,"column":44},"end":{"line":51,"column":9}}}},"branchMap":{"0":{"loc":{"start":{"line":61,"column":4},"end":{"line":64,"column":null}},"type":"if","locations":[{"start":{"line":61,"column":4},"end":{"line":64,"column":null}}]}},"s":{"0":0,"1":0,"2":0,"3":0,"4":0,"5":0,"6":0,"7":0,"8":0,"9":0,"10":0,"11":0,"12":0,"13":0,"14":0,"15":0,"16":0,"17":0,"18":0,"19":0,"20":0,"21":0},"f":{"0":0,"1":0,"2":0,"3":0},"b":{"0":[0]}}
,"/Users/sumanmanna/Documents/2fa-exp-todo/src/user/dto/user-info.dto.ts": {"path":"/Users/sumanmanna/Documents/2fa-exp-todo/src/user/dto/user-info.dto.ts","statementMap":{"0":{"start":{"line":1,"column":0},"end":{"line":1,"column":67}},"1":{"start":{"line":2,"column":0},"end":{"line":2,"column":45}},"2":{"start":{"line":12,"column":2},"end":{"line":12,"column":null}},"3":{"start":{"line":24,"column":2},"end":{"line":24,"column":null}},"4":{"start":{"line":29,"column":2},"end":{"line":29,"column":null}},"5":{"start":{"line":39,"column":2},"end":{"line":39,"column":null}},"6":{"start":{"line":4,"column":0},"end":{"line":4,"column":13}}},"fnMap":{},"branchMap":{},"s":{"0":0,"1":0,"2":0,"3":0,"4":0,"5":0,"6":0},"f":{},"b":{}}
,"/Users/sumanmanna/Documents/2fa-exp-todo/src/user/entity/user-info.entity.ts": {"path":"/Users/sumanmanna/Documents/2fa-exp-todo/src/user/entity/user-info.entity.ts","statementMap":{"0":{"start":{"line":1,"column":0},"end":{"line":1,"column":77}},"1":{"start":{"line":4,"column":0},"end":{"line":23,"column":null}},"2":{"start":{"line":7,"column":4},"end":{"line":7,"column":12}},"3":{"start":{"line":10,"column":2},"end":{"line":10,"column":null}},"4":{"start":{"line":13,"column":2},"end":{"line":13,"column":null}},"5":{"start":{"line":16,"column":2},"end":{"line":16,"column":null}},"6":{"start":{"line":19,"column":2},"end":{"line":19,"column":null}},"7":{"start":{"line":22,"column":2},"end":{"line":22,"column":null}},"8":{"start":{"line":4,"column":13},"end":{"line":23,"column":null}},"9":{"start":{"line":4,"column":13},"end":{"line":4,"column":21}}},"fnMap":{"0":{"name":"(anonymous_2)","decl":{"start":{"line":5,"column":2},"end":{"line":5,"column":null}},"loc":{"start":{"line":5,"column":2},"end":{"line":8,"column":3}}}},"branchMap":{},"s":{"0":1,"1":1,"2":0,"3":1,"4":1,"5":1,"6":1,"7":1,"8":1,"9":1},"f":{"0":0},"b":{}}
,"/Users/sumanmanna/Documents/2fa-exp-todo/src/user/repository/user-info.repository.ts": {"path":"/Users/sumanmanna/Documents/2fa-exp-todo/src/user/repository/user-info.repository.ts","statementMap":{"0":{"start":{"line":1,"column":0},"end":{"line":1,"column":49}},"1":{"start":{"line":2,"column":0},"end":{"line":2,"column":54}},"2":{"start":{"line":3,"column":0},"end":{"line":3,"column":44}},"3":{"start":{"line":5,"column":0},"end":{"line":9,"column":null}},"4":{"start":{"line":7,"column":4},"end":{"line":7,"column":54}},"5":{"start":{"line":6,"column":22},"end":{"line":6,"column":34}},"6":{"start":{"line":5,"column":13},"end":{"line":9,"column":null}},"7":{"start":{"line":5,"column":13},"end":{"line":5,"column":31}}},"fnMap":{"0":{"name":"(anonymous_2)","decl":{"start":{"line":6,"column":2},"end":{"line":6,"column":22}},"loc":{"start":{"line":6,"column":44},"end":{"line":8,"column":3}}}},"branchMap":{},"s":{"0":0,"1":0,"2":0,"3":0,"4":0,"5":0,"6":0,"7":0},"f":{"0":0},"b":{}}
,"/Users/sumanmanna/Documents/2fa-exp-todo/src/user/service/user.service.ts": {"path":"/Users/sumanmanna/Documents/2fa-exp-todo/src/user/service/user.service.ts","statementMap":{"0":{"start":{"line":1,"column":0},"end":{"line":1,"column":63}},"1":{"start":{"line":2,"column":0},"end":{"line":2,"column":51}},"2":{"start":{"line":3,"column":0},"end":{"line":3,"column":72}},"3":{"start":{"line":10,"column":0},"end":{"line":39,"column":null}},"4":{"start":{"line":13,"column":12},"end":{"line":13,"column":32}},"5":{"start":{"line":17,"column":21},"end":{"line":19,"column":6}},"6":{"start":{"line":20,"column":4},"end":{"line":22,"column":null}},"7":{"start":{"line":21,"column":6},"end":{"line":21,"column":53}},"8":{"start":{"line":23,"column":4},"end":{"line":23,"column":20}},"9":{"start":{"line":30,"column":21},"end":{"line":30,"column":45}},"10":{"start":{"line":31,"column":56},"end":{"line":31,"column":67}},"11":{"start":{"line":32,"column":4},"end":{"line":32,"column":44}},"12":{"start":{"line":32,"column":17},"end":{"line":32,"column":44}},"13":{"start":{"line":33,"column":4},"end":{"line":33,"column":44}},"14":{"start":{"line":33,"column":17},"end":{"line":33,"column":44}},"15":{"start":{"line":34,"column":4},"end":{"line":34,"column":41}},"16":{"start":{"line":34,"column":15},"end":{"line":34,"column":41}},"17":{"start":{"line":35,"column":4},"end":{"line":35,"column":65}},"18":{"start":{"line":35,"column":24},"end":{"line":35,"column":65}},"19":{"start":{"line":36,"column":4},"end":{"line":36,"column":26}},"20":{"start":{"line":37,"column":4},"end":{"line":37,"column":20}},"21":{"start":{"line":10,"column":13},"end":{"line":39,"column":null}},"22":{"start":{"line":10,"column":13},"end":{"line":10,"column":24}}},"fnMap":{"0":{"name":"(anonymous_4)","decl":{"start":{"line":11,"column":2},"end":{"line":11,"column":null}},"loc":{"start":{"line":13,"column":50},"end":{"line":14,"column":6}}},"1":{"name":"(anonymous_5)","decl":{"start":{"line":16,"column":2},"end":{"line":16,"column":7}},"loc":{"start":{"line":16,"column":26},"end":{"line":24,"column":3}}},"2":{"name":"(anonymous_6)","decl":{"start":{"line":26,"column":2},"end":{"line":26,"column":7}},"loc":{"start":{"line":28,"column":28},"end":{"line":38,"column":3}}}},"branchMap":{"0":{"loc":{"start":{"line":20,"column":4},"end":{"line":22,"column":null}},"type":"if","locations":[{"start":{"line":20,"column":4},"end":{"line":22,"column":null}}]},"1":{"loc":{"start":{"line":32,"column":4},"end":{"line":32,"column":44}},"type":"if","locations":[{"start":{"line":32,"column":4},"end":{"line":32,"column":44}}]},"2":{"loc":{"start":{"line":33,"column":4},"end":{"line":33,"column":44}},"type":"if","locations":[{"start":{"line":33,"column":4},"end":{"line":33,"column":44}}]},"3":{"loc":{"start":{"line":34,"column":4},"end":{"line":34,"column":41}},"type":"if","locations":[{"start":{"line":34,"column":4},"end":{"line":34,"column":41}}]},"4":{"loc":{"start":{"line":35,"column":4},"end":{"line":35,"column":65}},"type":"if","locations":[{"start":{"line":35,"column":4},"end":{"line":35,"column":65}}]}},"s":{"0":0,"1":0,"2":0,"3":0,"4":0,"5":0,"6":0,"7":0,"8":0,"9":0,"10":0,"11":0,"12":0,"13":0,"14":0,"15":0,"16":0,"17":0,"18":0,"19":0,"20":0,"21":0,"22":0},"f":{"0":0,"1":0,"2":0},"b":{"0":[0],"1":[0],"2":[0],"3":[0],"4":[0]}}
}
